# JRE version: Java(TM) SE Runtime Environment (8.0_20-b26) (build 1.8.0_20-b26)
# Java VM: Java HotSpot(TM) Server VM (25.20-b23 mixed mode linux-x86 )
Heap:
 PSYoungGen      total 8960K, used 7547K [0x9d400000, 0x9e580000, 0xa7000000)
  eden space 7680K, 81% used [0x9d400000,0x9da22a10,0x9db80000)
  from space 1280K, 98% used [0x9db80000,0x9dcbc498,0x9dcc0000)
  to   space 1280K, 0% used [0x9e440000,0x9e440000,0x9e580000)
 ParOldGen       total 20480K, used 5000K [0x89c00000, 0x8b000000, 0x9d400000)
  object space 20480K, 24% used [0x89c00000,0x8a0e2008,0x8b000000)
 Metaspace       used 12639K, capacity 12781K, committed 12952K, reserved 13616K
GC Heap History (6 events):
Event: 0,777 GC heap before
{Heap before GC invocations=1 (full 0):
 PSYoungGen      total 8960K, used 7662K [0x9d400000, 0x9de00000, 0xa7000000)
  eden space 7680K, 99% used [0x9d400000,0x9db7b948,0x9db80000)
  from space 1280K, 0% used [0x9dcc0000,0x9dcc0000,0x9de00000)
  to   space 1280K, 0% used [0x9db80000,0x9db80000,0x9dcc0000)
 ParOldGen       total 20480K, used 0K [0x89c00000, 0x8b000000, 0x9d400000)
  object space 20480K, 0% used [0x89c00000,0x89c00000,0x8b000000)
 Metaspace       used 7611K, capacity 7737K, committed 7832K, reserved 8496K
Event: 0,784 GC heap after
Heap after GC invocations=1 (full 0):
 PSYoungGen      total 8960K, used 1271K [0x9d400000, 0x9de00000, 0xa7000000)
  eden space 7680K, 0% used [0x9d400000,0x9d400000,0x9db80000)
  from space 1280K, 99% used [0x9db80000,0x9dcbdc60,0x9dcc0000)
  to   space 1280K, 0% used [0x9dcc0000,0x9dcc0000,0x9de00000)
 ParOldGen       total 20480K, used 1303K [0x89c00000, 0x8b000000, 0x9d400000)
  object space 20480K, 6% used [0x89c00000,0x89d45f98,0x8b000000)
 Metaspace       used 7611K, capacity 7737K, committed 7832K, reserved 8496K
}
Event: 1,286 GC heap before
{Heap before GC invocations=2 (full 0):
 PSYoungGen      total 8960K, used 8950K [0x9d400000, 0x9de00000, 0xa7000000)
  eden space 7680K, 99% used [0x9d400000,0x9db7fcc0,0x9db80000)
  from space 1280K, 99% used [0x9db80000,0x9dcbdc60,0x9dcc0000)
  to   space 1280K, 0% used [0x9dcc0000,0x9dcc0000,0x9de00000)
 ParOldGen       total 20480K, used 1303K [0x89c00000, 0x8b000000, 0x9d400000)
  object space 20480K, 6% used [0x89c00000,0x89d45f98,0x8b000000)
 Metaspace       used 9971K, capacity 10075K, committed 10136K, reserved 10544K
Event: 1,292 GC heap after
Heap after GC invocations=2 (full 0):
 PSYoungGen      total 8960K, used 1264K [0x9d400000, 0x9de00000, 0xa7000000)
  eden space 7680K, 0% used [0x9d400000,0x9d400000,0x9db80000)
  from space 1280K, 98% used [0x9dcc0000,0x9ddfc090,0x9de00000)
  to   space 1280K, 0% used [0x9db80000,0x9db80000,0x9dcc0000)
 ParOldGen       total 20480K, used 4085K [0x89c00000, 0x8b000000, 0x9d400000)
  object space 20480K, 19% used [0x89c00000,0x89ffd598,0x8b000000)
 Metaspace       used 9971K, capacity 10075K, committed 10136K, reserved 10544K
}
Event: 1,607 GC heap before
{Heap before GC invocations=3 (full 0):
 PSYoungGen      total 8960K, used 8944K [0x9d400000, 0x9de00000, 0xa7000000)
  eden space 7680K, 100% used [0x9d400000,0x9db80000,0x9db80000)
  from space 1280K, 98% used [0x9dcc0000,0x9ddfc090,0x9de00000)
  to   space 1280K, 0% used [0x9db80000,0x9db80000,0x9dcc0000)
 ParOldGen       total 20480K, used 4085K [0x89c00000, 0x8b000000, 0x9d400000)
  object space 20480K, 19% used [0x89c00000,0x89ffd598,0x8b000000)
 Metaspace       used 11066K, capacity 11205K, committed 11288K, reserved 11568K
Event: 1,615 GC heap after
Heap after GC invocations=3 (full 0):
 PSYoungGen      total 8960K, used 1265K [0x9d400000, 0x9e580000, 0xa7000000)
  eden space 7680K, 0% used [0x9d400000,0x9d400000,0x9db80000)
  from space 1280K, 98% used [0x9db80000,0x9dcbc498,0x9dcc0000)
  to   space 1280K, 0% used [0x9e440000,0x9e440000,0x9e580000)
 ParOldGen       total 20480K, used 5000K [0x89c00000, 0x8b000000, 0x9d400000)
  object space 20480K, 24% used [0x89c00000,0x8a0e2008,0x8b000000)
 Metaspace       used 11066K, capacity 11205K, committed 11288K, reserved 11568K
}

